Wed Feb 14 2018 13:59:25 GMT-0500 (EST): GET /
Wed Feb 14 2018 14:04:19 GMT-0500 (EST): GET /do
Wed Feb 14 2018 14:05:10 GMT-0500 (EST): GET /dog
Wed Feb 14 2018 14:05:47 GMT-0500 (EST): GET /help
Wed Feb 14 2018 14:07:27 GMT-0500 (EST): GET /help
Wed Feb 14 2018 14:07:44 GMT-0500 (EST): GET /nad
Wed Feb 14 2018 14:07:51 GMT-0500 (EST): GET /bad
Wed Feb 14 2018 14:08:16 GMT-0500 (EST): GET /help
Wed Feb 14 2018 14:08:21 GMT-0500 (EST): GET /help
Wed Feb 14 2018 14:08:31 GMT-0500 (EST): GET /help.html
Wed Feb 14 2018 14:11:08 GMT-0500 (EST): GET /help.html
Wed Feb 14 2018 14:12:49 GMT-0500 (EST): GET /help.html
Wed Feb 14 2018 14:13:00 GMT-0500 (EST): GET /
Wed Feb 14 2018 14:13:07 GMT-0500 (EST): GET /
Wed Feb 14 2018 14:17:27 GMT-0500 (EST): GET /home
Wed Feb 14 2018 14:18:09 GMT-0500 (EST): GET /home
Wed Feb 14 2018 14:18:16 GMT-0500 (EST): GET /home
Wed Feb 14 2018 14:18:28 GMT-0500 (EST): GET /
Wed Feb 14 2018 14:18:30 GMT-0500 (EST): GET /about
Wed Feb 14 2018 14:18:31 GMT-0500 (EST): GET /
Fri Feb 16 2018 11:05:12 GMT-0500 (EST): GET /
Fri Feb 16 2018 11:05:13 GMT-0500 (EST): GET /favicon.ico
Fri Feb 16 2018 11:05:15 GMT-0500 (EST): GET /projects
